--- Copying files at Mon Jul  7 11:44:09 UTC 2025
--- Copied files finished at Mon Jul  7 11:44:09 UTC 2025
--- Copying files at Mon Jul  7 11:58:05 UTC 2025
--- Copied files finished at Mon Jul  7 11:58:05 UTC 2025
--- Copying files at Mon Jul  7 12:03:02 UTC 2025
--- Copied files finished at Mon Jul  7 12:03:02 UTC 2025
--- Copying files at Mon Jul  7 12:05:19 UTC 2025
--- Copied files finished at Mon Jul  7 12:05:19 UTC 2025
--- Copying files at Mon Jul  7 12:07:45 UTC 2025
--- Copied files finished at Mon Jul  7 12:07:45 UTC 2025
--- Copying files at Mon Jul  7 12:13:03 UTC 2025
--- Copied files finished at Mon Jul  7 12:13:03 UTC 2025
--- Copying files at Mon Jul  7 12:14:21 UTC 2025
--- Copied files finished at Mon Jul  7 12:14:21 UTC 2025
--- Copying files at Mon Jul  7 12:23:42 UTC 2025
--- Copied files finished at Mon Jul  7 12:23:42 UTC 2025
--- Copying files at Mon Jul  7 12:41:05 UTC 2025
--- Copied files finished at Mon Jul  7 12:41:05 UTC 2025
--- Copying files at Mon Jul  7 12:52:33 UTC 2025
--- Copied files finished at Mon Jul  7 12:52:33 UTC 2025
--- Copying files at Mon Jul  7 12:59:26 UTC 2025
--- Copied files finished at Mon Jul  7 12:59:26 UTC 2025
--- Copying files at Mon Jul  7 14:14:04 UTC 2025
--- Copied files finished at Mon Jul  7 14:14:04 UTC 2025
--- Copying files at Mon Jul  7 15:09:39 UTC 2025
--- Copied files finished at Mon Jul  7 15:09:39 UTC 2025
--- Copying files at Mon Jul  7 19:34:37 UTC 2025
--- Copied files finished at Mon Jul  7 19:34:37 UTC 2025
--- Copying files at Tue Jul  8 09:00:07 UTC 2025
--- Copied files finished at Tue Jul  8 09:00:07 UTC 2025
--- Copying files at Tue Jul  8 15:24:56 UTC 2025
--- Copied files finished at Tue Jul  8 15:24:56 UTC 2025
--- Copying files at Tue Jul  8 15:28:44 UTC 2025
--- Copied files finished at Tue Jul  8 15:28:44 UTC 2025
--- Copying files at Tue Jul  8 15:49:59 UTC 2025
--- Copied files finished at Tue Jul  8 15:50:00 UTC 2025
--- Copying files at Tue Jul  8 20:14:33 UTC 2025
--- Copied files finished at Tue Jul  8 20:14:33 UTC 2025
--- Copying files at Tue Jul  8 20:18:48 UTC 2025
--- Copied files finished at Tue Jul  8 20:18:48 UTC 2025
--- Copying files at Wed Jul  9 08:41:10 UTC 2025
--- Copied files finished at Wed Jul  9 08:41:10 UTC 2025
--- Copying files at Wed Jul  9 09:09:24 UTC 2025
--- Copied files finished at Wed Jul  9 09:09:24 UTC 2025
--- Copying files at Wed Jul  9 09:38:40 UTC 2025
--- Copied files finished at Wed Jul  9 09:38:40 UTC 2025
--- Copying files at Wed Jul  9 11:18:13 UTC 2025
--- Copied files finished at Wed Jul  9 11:18:13 UTC 2025
--- Copying files at Wed Jul  9 11:31:24 UTC 2025
--- Copied files finished at Wed Jul  9 11:31:24 UTC 2025
